mode: set
github.com/dhanekom/bookings/cmd/web/main.go:22.13,24.16 2 0
github.com/dhanekom/bookings/cmd/web/main.go:28.2,34.33 3 0
github.com/dhanekom/bookings/cmd/web/main.go:24.16,26.3 1 0
github.com/dhanekom/bookings/cmd/web/main.go:37.18,41.16 3 1
github.com/dhanekom/bookings/cmd/web/main.go:45.2,60.12 12 1
github.com/dhanekom/bookings/cmd/web/main.go:41.16,43.3 1 0
github.com/dhanekom/bookings/cmd/web/middleware.go:10.45,21.2 3 1
github.com/dhanekom/bookings/cmd/web/middleware.go:23.50,25.2 1 1
github.com/dhanekom/bookings/cmd/web/router.go:12.47,38.2 18 1
