mode: set
github.com/dhanekom/bookings/internal/handlers/handlers.go:21.63,23.2 1 1
github.com/dhanekom/bookings/internal/handlers/handlers.go:25.63,27.2 1 0
github.com/dhanekom/bookings/internal/handlers/handlers.go:29.65,31.2 1 0
github.com/dhanekom/bookings/internal/handlers/handlers.go:33.35,37.2 1 1
github.com/dhanekom/bookings/internal/handlers/handlers.go:39.67,43.2 3 1
github.com/dhanekom/bookings/internal/handlers/handlers.go:45.68,54.2 5 1
github.com/dhanekom/bookings/internal/handlers/handlers.go:57.74,66.2 4 1
github.com/dhanekom/bookings/internal/handlers/handlers.go:69.78,72.16 2 1
github.com/dhanekom/bookings/internal/handlers/handlers.go:78.2,95.19 6 1
github.com/dhanekom/bookings/internal/handlers/handlers.go:106.2,107.66 2 1
github.com/dhanekom/bookings/internal/handlers/handlers.go:72.16,75.3 2 0
github.com/dhanekom/bookings/internal/handlers/handlers.go:95.19,104.3 4 0
github.com/dhanekom/bookings/internal/handlers/handlers.go:111.71,113.2 1 1
github.com/dhanekom/bookings/internal/handlers/handlers.go:116.69,118.2 1 1
github.com/dhanekom/bookings/internal/handlers/handlers.go:121.75,123.2 1 1
github.com/dhanekom/bookings/internal/handlers/handlers.go:126.79,130.2 3 1
github.com/dhanekom/bookings/internal/handlers/handlers.go:138.79,145.16 3 1
github.com/dhanekom/bookings/internal/handlers/handlers.go:149.2,150.14 2 1
github.com/dhanekom/bookings/internal/handlers/handlers.go:145.16,147.3 1 0
github.com/dhanekom/bookings/internal/handlers/handlers.go:153.70,155.2 1 1
github.com/dhanekom/bookings/internal/handlers/handlers.go:157.81,159.9 2 1
github.com/dhanekom/bookings/internal/handlers/handlers.go:167.2,174.4 4 0
github.com/dhanekom/bookings/internal/handlers/handlers.go:159.9,165.3 4 1
