mode: set
github.com/dhanekom/bookings/internal/handlers/handlers.go:26.63,31.2 1 1
github.com/dhanekom/bookings/internal/handlers/handlers.go:33.63,35.2 1 0
github.com/dhanekom/bookings/internal/handlers/handlers.go:37.63,39.2 1 1
github.com/dhanekom/bookings/internal/handlers/handlers.go:41.65,43.2 1 0
github.com/dhanekom/bookings/internal/handlers/handlers.go:45.67,47.2 1 1
github.com/dhanekom/bookings/internal/handlers/handlers.go:49.68,51.2 1 1
github.com/dhanekom/bookings/internal/handlers/handlers.go:54.74,56.9 2 1
github.com/dhanekom/bookings/internal/handlers/handlers.go:62.2,63.16 2 1
github.com/dhanekom/bookings/internal/handlers/handlers.go:69.2,87.4 10 1
github.com/dhanekom/bookings/internal/handlers/handlers.go:56.9,60.3 3 1
github.com/dhanekom/bookings/internal/handlers/handlers.go:63.16,67.3 3 1
github.com/dhanekom/bookings/internal/handlers/handlers.go:91.78,100.16 2 1
github.com/dhanekom/bookings/internal/handlers/handlers.go:106.2,111.16 5 1
github.com/dhanekom/bookings/internal/handlers/handlers.go:117.2,118.16 2 1
github.com/dhanekom/bookings/internal/handlers/handlers.go:124.2,125.16 2 1
github.com/dhanekom/bookings/internal/handlers/handlers.go:131.2,156.19 6 1
github.com/dhanekom/bookings/internal/handlers/handlers.go:167.2,168.16 2 1
github.com/dhanekom/bookings/internal/handlers/handlers.go:174.2,183.16 3 1
github.com/dhanekom/bookings/internal/handlers/handlers.go:189.2,190.66 2 1
github.com/dhanekom/bookings/internal/handlers/handlers.go:100.16,104.3 3 1
github.com/dhanekom/bookings/internal/handlers/handlers.go:111.16,115.3 3 1
github.com/dhanekom/bookings/internal/handlers/handlers.go:118.16,122.3 3 1
github.com/dhanekom/bookings/internal/handlers/handlers.go:125.16,129.3 3 1
github.com/dhanekom/bookings/internal/handlers/handlers.go:156.19,165.3 5 1
github.com/dhanekom/bookings/internal/handlers/handlers.go:168.16,172.3 3 1
github.com/dhanekom/bookings/internal/handlers/handlers.go:183.16,187.3 3 1
github.com/dhanekom/bookings/internal/handlers/handlers.go:194.71,196.2 1 1
github.com/dhanekom/bookings/internal/handlers/handlers.go:199.69,201.2 1 1
github.com/dhanekom/bookings/internal/handlers/handlers.go:204.75,206.2 1 1
github.com/dhanekom/bookings/internal/handlers/handlers.go:209.79,216.16 5 0
github.com/dhanekom/bookings/internal/handlers/handlers.go:221.2,222.16 2 0
github.com/dhanekom/bookings/internal/handlers/handlers.go:227.2,228.16 2 0
github.com/dhanekom/bookings/internal/handlers/handlers.go:233.2,233.21 1 0
github.com/dhanekom/bookings/internal/handlers/handlers.go:239.2,251.4 5 0
github.com/dhanekom/bookings/internal/handlers/handlers.go:216.16,219.3 2 0
github.com/dhanekom/bookings/internal/handlers/handlers.go:222.16,225.3 2 0
github.com/dhanekom/bookings/internal/handlers/handlers.go:228.16,231.3 2 0
github.com/dhanekom/bookings/internal/handlers/handlers.go:233.21,237.3 3 0
github.com/dhanekom/bookings/internal/handlers/handlers.go:263.79,265.16 2 1
github.com/dhanekom/bookings/internal/handlers/handlers.go:277.2,282.16 5 1
github.com/dhanekom/bookings/internal/handlers/handlers.go:288.2,289.16 2 1
github.com/dhanekom/bookings/internal/handlers/handlers.go:295.2,296.16 2 1
github.com/dhanekom/bookings/internal/handlers/handlers.go:302.2,303.16 2 1
github.com/dhanekom/bookings/internal/handlers/handlers.go:315.2,326.14 4 1
github.com/dhanekom/bookings/internal/handlers/handlers.go:265.16,275.3 5 1
github.com/dhanekom/bookings/internal/handlers/handlers.go:282.16,286.3 3 1
github.com/dhanekom/bookings/internal/handlers/handlers.go:289.16,293.3 3 1
github.com/dhanekom/bookings/internal/handlers/handlers.go:296.16,300.3 3 1
github.com/dhanekom/bookings/internal/handlers/handlers.go:303.16,313.3 5 1
github.com/dhanekom/bookings/internal/handlers/handlers.go:329.70,331.2 1 1
github.com/dhanekom/bookings/internal/handlers/handlers.go:334.81,336.9 2 0
github.com/dhanekom/bookings/internal/handlers/handlers.go:343.2,358.4 9 0
github.com/dhanekom/bookings/internal/handlers/handlers.go:336.9,341.3 4 0
github.com/dhanekom/bookings/internal/handlers/handlers.go:362.73,364.16 2 0
github.com/dhanekom/bookings/internal/handlers/handlers.go:369.2,370.9 2 0
github.com/dhanekom/bookings/internal/handlers/handlers.go:374.2,376.63 3 0
github.com/dhanekom/bookings/internal/handlers/handlers.go:364.16,367.3 2 0
github.com/dhanekom/bookings/internal/handlers/handlers.go:370.9,373.3 2 0
github.com/dhanekom/bookings/internal/handlers/handlers.go:380.71,392.16 9 0
github.com/dhanekom/bookings/internal/handlers/handlers.go:397.2,403.63 6 0
github.com/dhanekom/bookings/internal/handlers/handlers.go:392.16,395.3 2 0
